<?xml version="1.0" encoding="UTF-8" ?>
<testsuite failures="0" time="0.051" errors="0" skipped="0" tests="1" name="org.antlr.runtime.AppTest">
  <properties>
    <property name="java.vendor" value="Sun Microsystems Inc."/>
    <property name="env.SYSTEMROOT" value="C:\Windows"/>
    <property name="localRepository" value="C:\Users\Jürgen\.m2\repository"/>
    <property name="sun.java.launcher" value="SUN_STANDARD"/>
    <property name="env.TRACE_FORMAT_SEARCH_PATH" value="\\NTREL202.ntdev.corp.microsoft.com\34FB5F65-FFEB-4B61-BF0E-A6A76C450FAA\TraceFormat"/>
    <property name="sun.management.compiler" value="HotSpot 64-Bit Tiered Compilers"/>
    <property name="env.PROMPT" value="$P$G"/>
    <property name="env.ANTLR_HOME" value="C:\Development\antlr"/>
    <property name="os.name" value="Windows 7"/>
    <property name="env.FP_NO_HOST_CHECK" value="NO"/>
    <property name="sun.boot.class.path" value="C:\Programme\Java\jdk1.6.0_26\jre\lib\resources.jar;C:\Programme\Java\jdk1.6.0_26\jre\lib\rt.jar;C:\Programme\Java\jdk1.6.0_26\jre\lib\sunrsasign.jar;C:\Programme\Java\jdk1.6.0_26\jre\lib\jsse.jar;C:\Programme\Java\jdk1.6.0_26\jre\lib\jce.jar;C:\Programme\Java\jdk1.6.0_26\jre\lib\charsets.jar;C:\Programme\Java\jdk1.6.0_26\jre\lib\modules\jdk.boot.jar;C:\Programme\Java\jdk1.6.0_26\jre\classes"/>
    <property name="env.COMPUTERNAME" value="CYBORG"/>
    <property name="env.ALLUSERSPROFILE" value="C:\ProgramData"/>
    <property name="sun.desktop" value="windows"/>
    <property name="java.vm.specification.vendor" value="Sun Microsystems Inc."/>
    <property name="java.runtime.version" value="1.6.0_26-b03"/>
    <property name="env.HOMEPATH" value="\Users\Jürgen"/>
    <property name="user.name" value="Jürgen"/>
    <property name="env.PATH" value="C:\Program Files (x86)\AMD APP\bin\x86_64;C:\Program Files (x86)\AMD APP\bin\x86;C:\Development\apache-maven-3.0.3\bin;C:\Program Files (x86)\PC Connectivity Solution\;C:\Program Files (x86)\CollabNet\Subversion Client;C:\Programme\Java\jdk1.6.0_26\bin;C:\Program Files (x86)\JavaFX\javafx-sdk1.2\bin;C:\Program Files (x86)\JavaFX\javafx-sdk1.2\emulator\bin;C:\Program Files\Common Files\Microsoft Shared\Windows Live;C:\Windows\system32;C:\Windows;C:\Windows\System32\Wbem;C:\Program Files (x86)\ATI Technologies\ATI.ACE\Core-Static;C:\Development\apache-ant-1.8.0\bin;C:\Program Files (x86)\Common Files\Roxio Shared\DLLShared\;C:\Program Files (x86)\Common Files\Roxio Shared\10.0\DLLShared\;C:\Program Files (x86)\IDM Computer Solutions\UltraEdit-32;c:\Program Files (x86)\Microsoft SQL Server\100\Tools\Binn\;c:\Program Files (x86)\Microsoft SQL Server\100\DTS\Binn\;C:\Program Files\TortoiseSVN\bin;C:\Program Files (x86)\Graphviz2.24\bin;C:\Development\antlr\bin;C:\Windows\System32\WindowsPowerShell\v1.0\;C:\Program Files (x86)\GNU\GnuPG\pub;C:\Program Files\Common Files\Microsoft Shared\Windows Live"/>
    <property name="user.language" value="de"/>
    <property name="env.WINDIR" value="C:\Windows"/>
    <property name="sun.boot.library.path" value="C:\Programme\Java\jdk1.6.0_26\jre\bin"/>
    <property name="classworlds.conf" value="C:\Development\apache-maven-3.0.3\bin\..\bin\m2.conf"/>
    <property name="java.version" value="1.6.0_26"/>
    <property name="env.PROCESSOR_IDENTIFIER" value="Intel64 Family 6 Model 23 Stepping 10, GenuineIntel"/>
    <property name="user.timezone" value=""/>
    <property name="env.TEMP" value="C:\Users\JRGEN~1\AppData\Local\Temp"/>
    <property name="sun.arch.data.model" value="64"/>
    <property name="java.endorsed.dirs" value="C:\Programme\Java\jdk1.6.0_26\jre\lib\endorsed"/>
    <property name="env.JDK_HOME" value="C:\Programme\Java\jdk1.6.0_26"/>
    <property name="sun.cpu.isalist" value="amd64"/>
    <property name="env.HOMEDRIVE" value="C:"/>
    <property name="sun.jnu.encoding" value="Cp1252"/>
    <property name="file.encoding.pkg" value="sun.io"/>
    <property name="env.SYSTEMDRIVE" value="C:"/>
    <property name="file.separator" value="\"/>
    <property name="java.specification.name" value="Java Platform API Specification"/>
    <property name="java.class.version" value="50.0"/>
    <property name="user.country" value="DE"/>
    <property name="java.home" value="C:\Programme\Java\jdk1.6.0_26\jre"/>
    <property name="env.APPDATA" value="C:\Users\Jürgen\AppData\Roaming"/>
    <property name="env.PUBLIC" value="C:\Users\Public"/>
    <property name="java.vm.info" value="mixed mode"/>
    <property name="env.OS" value="Windows_NT"/>
    <property name="os.version" value="6.1"/>
    <property name="env.=::" value="::\"/>
    <property name="env.AMDAPPSDKROOT" value="C:\Program Files (x86)\AMD APP\"/>
    <property name="path.separator" value=";"/>
    <property name="java.vm.version" value="20.1-b02"/>
    <property name="env.USERPROFILE" value="C:\Users\Jürgen"/>
    <property name="user.variant" value=""/>
    <property name="env.JAVA_HOME" value="C:\Programme\Java\jdk1.6.0_26\jre"/>
    <property name="java.awt.printerjob" value="sun.awt.windows.WPrinterJob"/>
    <property name="env.TMP" value="C:\Users\JRGEN~1\AppData\Local\Temp"/>
    <property name="env.PROGRAMFILES" value="C:\Program Files"/>
    <property name="sun.io.unicode.encoding" value="UnicodeLittle"/>
    <property name="awt.toolkit" value="sun.awt.windows.WToolkit"/>
    <property name="user.home" value="C:\Users\Jürgen"/>
    <property name="env.ANDROID_SDK_HOME" value="C:\Android"/>
    <property name="env.COMMONPROGRAMFILES" value="C:\Program Files\Common Files"/>
    <property name="env.=EXITCODE" value="00000000"/>
    <property name="env.SESSIONNAME" value="Console"/>
    <property name="java.specification.vendor" value="Sun Microsystems Inc."/>
    <property name="env.CLASSPATH" value="C:\Development\antlr\AntlrUnicodePreprocessor.jar;C:\Development\antlr\antlr-3.4-complete.jar;&quot;C:\Program Files (x86)\Wolfram Research\Mathematica\5.2\AddOns\JLink\JLink.jar&quot;"/>
    <property name="env.M2_HOME" value="C:\Development\apache-maven-3.0.3\bin\.."/>
    <property name="env.NUMBER_OF_PROCESSORS" value="2"/>
    <property name="java.library.path" value="C:\Programme\Java\jdk1.6.0_26\jre\bin;C:\Windows\Sun\Java\bin;C:\Windows\system32;C:\Windows;C:\Program Files (x86)\AMD APP\bin\x86_64;C:\Program Files (x86)\AMD APP\bin\x86;C:\Development\apache-maven-3.0.3\bin;C:\Program Files (x86)\PC Connectivity Solution\;C:\Program Files (x86)\CollabNet\Subversion Client;C:\Programme\Java\jdk1.6.0_26\bin;C:\Program Files (x86)\JavaFX\javafx-sdk1.2\bin;C:\Program Files (x86)\JavaFX\javafx-sdk1.2\emulator\bin;C:\Program Files\Common Files\Microsoft Shared\Windows Live;C:\Windows\system32;C:\Windows;C:\Windows\System32\Wbem;C:\Program Files (x86)\ATI Technologies\ATI.ACE\Core-Static;C:\Development\apache-ant-1.8.0\bin;C:\Program Files (x86)\Common Files\Roxio Shared\DLLShared\;C:\Program Files (x86)\Common Files\Roxio Shared\10.0\DLLShared\;C:\Program Files (x86)\IDM Computer Solutions\UltraEdit-32;c:\Program Files (x86)\Microsoft SQL Server\100\Tools\Binn\;c:\Program Files (x86)\Microsoft SQL Server\100\DTS\Binn\;C:\Program Files\TortoiseSVN\bin;C:\Program Files (x86)\Graphviz2.24\bin;C:\Development\antlr\bin;C:\Windows\System32\WindowsPowerShell\v1.0\;C:\Program Files (x86)\GNU\GnuPG\pub;C:\Program Files\Common Files\Microsoft Shared\Windows Live;."/>
    <property name="java.vendor.url" value="http://java.sun.com/"/>
    <property name="env.COMMONPROGRAMFILES(X86)" value="C:\Program Files (x86)\Common Files"/>
    <property name="env.PSMODULEPATH" value="C:\Windows\system32\WindowsPowerShell\v1.0\Modules\"/>
    <property name="env.CLASSWORLDS_LAUNCHER" value="org.codehaus.plexus.classworlds.launcher.Launcher"/>
    <property name="env.MAVEN_CMD_LINE_ARGS" value="package"/>
    <property name="java.vm.vendor" value="Sun Microsystems Inc."/>
    <property name="java.runtime.name" value="Java(TM) SE Runtime Environment"/>
    <property name="maven.home" value="C:\Development\apache-maven-3.0.3\bin\.."/>
    <property name="java.class.path" value="C:\Development\apache-maven-3.0.3\bin\..\boot\plexus-classworlds-2.4.jar"/>
    <property name="sun.java.command" value="org.codehaus.plexus.classworlds.launcher.Launcher package"/>
    <property name="env.PROGRAMW6432" value="C:\Program Files"/>
    <property name="env.DFSTRACINGON" value="FALSE"/>
    <property name="env.MAVEN_JAVA_EXE" value="&quot;C:\Programme\Java\jdk1.6.0_26\jre\bin\java.exe&quot;"/>
    <property name="env.PROGRAMFILES(X86)" value="C:\Program Files (x86)"/>
    <property name="java.vm.specification.name" value="Java Virtual Machine Specification"/>
    <property name="env.ANTLR_LIBDIR" value="C:\Development\antlr"/>
    <property name="env.ROXIOCENTRAL" value="C:\Program Files (x86)\Common Files\Roxio Shared\10.0\Roxio Central36\"/>
    <property name="env.LOGONSERVER" value="\\CYBORG"/>
    <property name="java.vm.specification.version" value="1.0"/>
    <property name="env.PROCESSOR_ARCHITECTURE" value="AMD64"/>
    <property name="env.COMMONPROGRAMW6432" value="C:\Program Files\Common Files"/>
    <property name="sun.os.patch.level" value="Service Pack 1"/>
    <property name="sun.cpu.endian" value="little"/>
    <property name="env.HOME" value="C:\Users\Jürgen"/>
    <property name="env.ANT_HOME" value="C:\Development\apache-ant-1.8.0"/>
    <property name="surefire.test.class.path" value="C:\Development\projects\ws\sparql11\sparkle-all\AntlrUnicodePreprocessor\target\test-classes;C:\Development\projects\ws\sparql11\sparkle-all\AntlrUnicodePreprocessor\target\classes;C:\Users\Jürgen\.m2\repository\org\antlr\antlr\3.4\antlr-3.4.jar;C:\Users\Jürgen\.m2\repository\org\antlr\antlr-runtime\3.4\antlr-runtime-3.4.jar;C:\Users\Jürgen\.m2\repository\org\antlr\stringtemplate\3.2.1\stringtemplate-3.2.1.jar;C:\Users\Jürgen\.m2\repository\antlr\antlr\2.7.7\antlr-2.7.7.jar;C:\Users\Jürgen\.m2\repository\org\antlr\ST4\4.0.4\ST4-4.0.4.jar;C:\Users\Jürgen\.m2\repository\junit\junit\3.8.1\junit-3.8.1.jar;"/>
    <property name="java.io.tmpdir" value="C:\Users\JRGEN~1\AppData\Local\Temp\"/>
    <property name="env.PROCESSOR_REVISION" value="170a"/>
    <property name="java.vendor.url.bug" value="http://java.sun.com/cgi-bin/bugreport.cgi"/>
    <property name="env.COMSPEC" value="C:\Windows\system32\cmd.exe"/>
    <property name="env.PROGRAMDATA" value="C:\ProgramData"/>
    <property name="java.awt.graphicsenv" value="sun.awt.Win32GraphicsEnvironment"/>
    <property name="os.arch" value="amd64"/>
    <property name="java.ext.dirs" value="C:\Programme\Java\jdk1.6.0_26\jre\lib\ext;C:\Windows\Sun\Java\lib\ext"/>
    <property name="user.dir" value="C:\Development\projects\ws\sparql11\sparkle-all\AntlrUnicodePreprocessor"/>
    <property name="env.LOCALAPPDATA" value="C:\Users\Jürgen\AppData\Local"/>
    <property name="env.MAVEN_HOME" value="C:\Development\apache-maven-3.0.3"/>
    <property name="line.separator" value="
"/>
    <property name="java.vm.name" value="Java HotSpot(TM) 64-Bit Server VM"/>
    <property name="env.CLASSWORLDS_JAR" value="&quot;C:\Development\apache-maven-3.0.3\bin\..\boot\plexus-classworlds-2.4.jar&quot;"/>
    <property name="env.PATHEXT" value=".COM;.EXE;.BAT;.CMD;.VBS;.VBE;.JS;.JSE;.WSF;.WSH;.MSC"/>
    <property name="basedir" value="C:\Development\projects\ws\sparql11\sparkle-all\AntlrUnicodePreprocessor"/>
    <property name="env.ERROR_CODE" value="0"/>
    <property name="env.USERNAME" value="Jürgen"/>
    <property name="file.encoding" value="Cp1252"/>
    <property name="env.VS100COMNTOOLS" value="C:\Program Files (x86)\Microsoft Visual Studio 10.0\Common7\Tools\"/>
    <property name="env.USERDOMAIN" value="CYBORG"/>
    <property name="java.specification.version" value="1.6"/>
    <property name="env.=C:" value="C:\Development\projects\ws\sparql11\sparkle-all\sparkle-g"/>
    <property name="env.PROCESSOR_LEVEL" value="6"/>
  </properties>
  <testcase time="0.007" classname="org.antlr.runtime.AppTest" name="testApp"/>
</testsuite>